<?xml version="1.0" encoding="UTF-8"?>
<!-- Generated by org.testng.reporters.JUnitReportReporter -->
<testsuite hostname="Mubaraks-MacBook-Pro-2.local" failures="0" tests="3" name="testCases.SignUp" time="0.314" errors="0" timestamp="2023-05-10T21:19:34 WAT" skipped="0">
  <testcase classname="testCases.SignUp" name="validEmail" time="0.103"/>
  <system-out/>
  <testcase classname="testCases.SignUp" name="emptyEmail" time="0.063"/>
  <system-out/>
  <testcase classname="testCases.SignUp" name="invalidEmail" time="0.148"/>
  <system-out/>
</testsuite> <!-- testCases.SignUp -->
